Base path: C:/Program Files/Unity/Editor/Data
Pipe name: \\.\pipe\UnityShaderCompiler-64bit-1-6244
Cmd: getPlatforms
Cmd: preprocess
  insize=948 outsize=945 ok=1
Cmd: preprocess
  insize=1334 outsize=1331 ok=1
Cmd: compileSnippet
  api=1 type=0 insize=541 outsize=832 kw=SHADOWS_DEPTH ok=1
Cmd: compileSnippet
  api=1 type=1 insize=541 outsize=61 kw=SHADOWS_DEPTH ok=1
Cmd: compileSnippet
  api=1 type=0 insize=6810 outsize=580 kw=DIRECTIONAL SHADOWS_OFF LIGHTMAP_OFF DIRLIGHTMAP_OFF DYNAMICLIGHTMAP_OFF ok=1
Cmd: compileSnippet
  api=1 type=1 insize=6810 outsize=263 kw=DIRECTIONAL SHADOWS_OFF LIGHTMAP_OFF DIRLIGHTMAP_OFF DYNAMICLIGHTMAP_OFF ok=1
Cmd: compileSnippet
  api=1 type=0 insize=3647 outsize=339 kw=DIRECTIONAL ok=1
Cmd: compileSnippet
  api=1 type=1 insize=3647 outsize=223 kw=DIRECTIONAL ok=1
Cmd: compileSnippet
  api=1 type=0 insize=1329 outsize=495 kw= ok=1
Cmd: compileSnippet
  api=1 type=1 insize=1329 outsize=240 kw= ok=1
Cmd: compileSnippet
  api=1 type=0 insize=1325 outsize=495 kw= ok=1
Cmd: compileSnippet
  api=1 type=1 insize=1325 outsize=240 kw= ok=1
Cmd: compileSnippet
  api=1 type=0 insize=1325 outsize=495 kw= ok=1
Cmd: compileSnippet
  api=1 type=1 insize=1325 outsize=240 kw= ok=1
Cmd: compileSnippet
  api=1 type=0 insize=1329 outsize=495 kw= ok=1
Cmd: compileSnippet
  api=1 type=1 insize=1329 outsize=240 kw= ok=1
Cmd: compileSnippet
  api=1 type=0 insize=1317 outsize=495 kw= ok=1
Cmd: compileSnippet
  api=1 type=1 insize=1317 outsize=240 kw= ok=1
Cmd: compileSnippet
  api=1 type=0 insize=1327 outsize=495 kw= ok=1
Cmd: compileSnippet
  api=1 type=1 insize=1327 outsize=240 kw= ok=1
Cmd: compileSnippet
  api=1 type=0 insize=1642 outsize=169 kw=SOFTPARTICLES_OFF ok=1
Cmd: compileSnippet
  api=1 type=1 insize=1642 outsize=115 kw=SOFTPARTICLES_OFF ok=1
Cmd: compileSnippet
  api=1 type=0 insize=577 outsize=832 kw=SHADOWS_DEPTH ok=1
Cmd: compileSnippet
  api=1 type=1 insize=577 outsize=61 kw=SHADOWS_DEPTH ok=1
Cmd: compileSnippet
  api=1 type=0 insize=6800 outsize=580 kw=DIRECTIONAL SHADOWS_OFF LIGHTMAP_OFF DIRLIGHTMAP_OFF DYNAMICLIGHTMAP_OFF ok=1
Cmd: compileSnippet
  api=1 type=1 insize=6800 outsize=244 kw=DIRECTIONAL SHADOWS_OFF LIGHTMAP_OFF DIRLIGHTMAP_OFF DYNAMICLIGHTMAP_OFF ok=1
Cmd: compileSnippet
  api=1 type=0 insize=7523 outsize=1006 kw=DIRECTIONAL SHADOWS_OFF LIGHTMAP_OFF DIRLIGHTMAP_OFF DYNAMICLIGHTMAP_OFF ok=1
Cmd: compileSnippet
  api=1 type=1 insize=7523 outsize=974 kw=DIRECTIONAL SHADOWS_OFF LIGHTMAP_OFF DIRLIGHTMAP_OFF DYNAMICLIGHTMAP_OFF ok=1
Cmd: compileSnippet
  api=1 type=0 insize=4918 outsize=819 kw=DIRECTIONAL ok=1
Cmd: compileSnippet
  api=1 type=1 insize=4918 outsize=834 kw=DIRECTIONAL ok=1
Cmd: compileSnippet
  api=1 type=0 insize=751 outsize=814 kw=SHADOWS_DEPTH ok=1
Cmd: compileSnippet
  api=1 type=1 insize=751 outsize=65 kw=SHADOWS_DEPTH ok=1
Cmd: compileSnippet
  api=1 type=0 insize=982 outsize=842 kw=DIRECTIONAL SHADOWS_OFF LIGHTMAP_OFF DIRLIGHTMAP_OFF DYNAMICLIGHTMAP_OFF ok=1
Cmd: compileSnippet
  api=1 type=1 insize=982 outsize=3588 kw=DIRECTIONAL SHADOWS_OFF LIGHTMAP_OFF DIRLIGHTMAP_OFF DYNAMICLIGHTMAP_OFF ok=1
Cmd: compileSnippet
  api=1 type=0 insize=938 outsize=808 kw=DIRECTIONAL SHADOWS_OFF ok=1
Cmd: compileSnippet
  api=1 type=1 insize=938 outsize=1916 kw=DIRECTIONAL SHADOWS_OFF ok=1
Cmd: compileSnippet
  api=1 type=0 insize=9591 outsize=3891 kw=UNITY_COLORSPACE_GAMMA ok=1
Cmd: compileSnippet
  api=1 type=1 insize=9591 outsize=967 kw=UNITY_COLORSPACE_GAMMA ok=1
Cmd: compileSnippet
  api=1 type=0 insize=6810 outsize=625 kw=DIRECTIONAL SHADOWS_OFF LIGHTMAP_OFF DIRLIGHTMAP_OFF DYNAMICLIGHTMAP_OFF FOG_LINEAR ok=1
Cmd: compileSnippet
  api=1 type=1 insize=6810 outsize=319 kw=DIRECTIONAL SHADOWS_OFF LIGHTMAP_OFF DIRLIGHTMAP_OFF DYNAMICLIGHTMAP_OFF FOG_LINEAR ok=1
Cmd: compileSnippet
  api=1 type=0 insize=3647 outsize=384 kw=DIRECTIONAL FOG_LINEAR ok=1
Cmd: compileSnippet
  api=1 type=1 insize=3647 outsize=275 kw=DIRECTIONAL FOG_LINEAR ok=1
Cmd: compileSnippet
  api=1 type=0 insize=1482 outsize=335 kw=SOFTPARTICLES_ON ok=1
Cmd: compileSnippet
  api=1 type=1 insize=1482 outsize=316 kw=SOFTPARTICLES_ON ok=1
Cmd: compileSnippet
  api=1 type=0 insize=1482 outsize=169 kw=SOFTPARTICLES_OFF ok=1
Cmd: compileSnippet
  api=1 type=1 insize=1482 outsize=147 kw=SOFTPARTICLES_OFF ok=1
Cmd: preprocess
  insize=2379 outsize=1092 ok=1
Cmd: compileSnippet
  api=1 type=0 insize=1589 outsize=169 kw=SOFTPARTICLES_OFF ok=1
Cmd: compileSnippet
  api=1 type=1 insize=1589 outsize=115 kw=SOFTPARTICLES_OFF ok=1
Cmd: preprocess
  insize=2237 outsize=975 ok=1
Cmd: compileSnippet
  api=1 type=0 insize=1561 outsize=169 kw=SOFTPARTICLES_OFF ok=1
Cmd: compileSnippet
  api=1 type=1 insize=1561 outsize=109 kw=SOFTPARTICLES_OFF ok=1
Cmd: preprocess
  insize=2274 outsize=1036 ok=1
Cmd: compileSnippet
  api=1 type=0 insize=1537 outsize=169 kw=SOFTPARTICLES_OFF ok=1
Cmd: compileSnippet
  api=1 type=1 insize=1537 outsize=115 kw=SOFTPARTICLES_OFF ok=1
Cmd: compileSnippet
  api=1 type=0 insize=1705 outsize=169 kw=SOFTPARTICLES_OFF ok=1
Cmd: compileSnippet
  api=1 type=1 insize=1705 outsize=115 kw=SOFTPARTICLES_OFF ok=1
Cmd: compileSnippet
  api=1 type=0 insize=1705 outsize=380 kw=FOG_LINEAR SOFTPARTICLES_ON ok=1
Cmd: compileSnippet
  api=1 type=1 insize=1705 outsize=401 kw=FOG_LINEAR SOFTPARTICLES_ON ok=1
Cmd: compileSnippet
  api=1 type=0 insize=1642 outsize=380 kw=FOG_LINEAR SOFTPARTICLES_ON ok=1
Cmd: compileSnippet
  api=1 type=1 insize=1642 outsize=435 kw=FOG_LINEAR SOFTPARTICLES_ON ok=1
Cmd: preprocess
  insize=8333 outsize=2044 ok=1
Cmd: compileSnippet
  api=1 type=0 insize=6508 outsize=131 kw= ok=1
Cmd: compileSnippet
  api=1 type=1 insize=6508 outsize=635 kw= ok=1
Cmd: compileSnippet
  api=1 type=0 insize=6503 outsize=131 kw= ok=1
Cmd: compileSnippet
  api=1 type=1 insize=6503 outsize=1408 kw= ok=1
Cmd: compileSnippet
  api=1 type=0 insize=6503 outsize=131 kw= ok=1
Cmd: compileSnippet
  api=1 type=1 insize=6503 outsize=413 kw= ok=1
Cmd: compileSnippet
  api=1 type=0 insize=6503 outsize=131 kw= ok=1
Cmd: compileSnippet
  api=1 type=1 insize=6503 outsize=413 kw= ok=1
Cmd: compileSnippet
  api=1 type=0 insize=6505 outsize=131 kw= ok=1
Cmd: compileSnippet
  api=1 type=1 insize=6505 outsize=746 kw= ok=1
Cmd: compileSnippet
  api=1 type=0 insize=6505 outsize=131 kw= ok=1
Cmd: compileSnippet
  api=1 type=1 insize=6505 outsize=412 kw= ok=1
Cmd: compileSnippet
  api=1 type=0 insize=6514 outsize=131 kw= ok=1
Cmd: compileSnippet
  api=1 type=1 insize=6514 outsize=456 kw= ok=1
Cmd: compileSnippet
  api=1 type=0 insize=6519 outsize=131 kw= ok=1
Cmd: compileSnippet
  api=1 type=1 insize=6519 outsize=375 kw= ok=1
Cmd: compileSnippet
  api=1 type=0 insize=6512 outsize=131 kw= ok=1
Cmd: compileSnippet
  api=1 type=1 insize=6512 outsize=172 kw= ok=1
Cmd: compileSnippet
  api=1 type=0 insize=6510 outsize=131 kw= ok=1
Cmd: compileSnippet
  api=1 type=1 insize=6510 outsize=558 kw= ok=1
Cmd: compileSnippet
  api=1 type=0 insize=6517 outsize=131 kw= ok=1
Cmd: compileSnippet
  api=1 type=1 insize=6517 outsize=646 kw= ok=1
Cmd: preprocess
  insize=10964 outsize=662 ok=1
Cmd: compileSnippet
  api=1 type=0 insize=10530 outsize=131 kw= ok=1
Cmd: compileSnippet
  api=1 type=1 insize=10530 outsize=422 kw= ok=1
Cmd: compileSnippet
  api=1 type=0 insize=10552 outsize=157 kw= ok=1
Cmd: compileSnippet
  api=1 type=1 insize=10552 outsize=2809 kw= ok=1
Cmd: compileSnippet
  api=1 type=0 insize=10508 outsize=157 kw= ok=1
Cmd: compileSnippet
  api=1 type=1 insize=10508 outsize=2850 kw= ok=1
Cmd: preprocess
  insize=1248 outsize=340 ok=1
Cmd: compileSnippet
  api=1 type=0 insize=1210 outsize=246 kw= ok=1
Cmd: compileSnippet
  api=1 type=1 insize=1210 outsize=185 kw= ok=1
Cmd: preprocess
  insize=435 outsize=435 ok=1
Cmd: preprocess
  insize=1615 outsize=2302 ok=1
Cmd: preprocess
  insize=1063 outsize=406 ok=1
Cmd: compileSnippet
  api=1 type=0 insize=955 outsize=131 kw= ok=1
Cmd: compileSnippet
  api=1 type=1 insize=955 outsize=131 kw= ok=1
Cmd: compileSnippet
  api=1 type=0 insize=954 outsize=131 kw= ok=1
Cmd: compileSnippet
  api=1 type=1 insize=954 outsize=129 kw= ok=1
Cmd: preprocess
  insize=9575 outsize=798 ok=1
Cmd: compileSnippet
  api=1 type=0 insize=8985 outsize=360 kw= ok=1
Cmd: compileSnippet
  api=1 type=1 insize=8985 outsize=954 kw= ok=1
Cmd: compileSnippet
  api=1 type=0 insize=8989 outsize=459 kw= ok=1
Cmd: compileSnippet
  api=1 type=1 insize=8989 outsize=1044 kw= ok=1
Cmd: compileSnippet
  api=1 type=0 insize=9009 outsize=302 kw= ok=1
Cmd: compileSnippet
  api=1 type=1 insize=9009 outsize=1239 kw= ok=1
Cmd: compileSnippet
  api=1 type=0 insize=9004 outsize=302 kw= ok=1
Cmd: compileSnippet
  api=1 type=1 insize=9004 outsize=1258 kw= ok=1
Cmd: compileSnippet
  api=1 type=0 insize=9008 outsize=302 kw= ok=1
Cmd: compileSnippet
  api=1 type=1 insize=9008 outsize=344 kw= ok=1
Cmd: preprocess
  insize=1624 outsize=334 ok=1
Cmd: compileSnippet
  api=1 type=0 insize=1592 outsize=187 kw= ok=1
Cmd: compileSnippet
  api=1 type=1 insize=1592 outsize=650 kw= ok=1
Cmd: preprocess
  insize=844 outsize=330 ok=1
Cmd: compileSnippet
  api=1 type=0 insize=819 outsize=131 kw= ok=1
Cmd: compileSnippet
  api=1 type=1 insize=819 outsize=316 kw= ok=1
Cmd: preprocess
  insize=928 outsize=289 ok=1
Cmd: compileSnippet
  api=1 type=0 insize=944 outsize=131 kw= ok=1
Cmd: compileSnippet
  api=1 type=1 insize=944 outsize=199 kw= ok=1
Cmd: preprocess
  insize=1923 outsize=467 ok=1
Cmd: compileSnippet
  api=1 type=0 insize=1758 outsize=131 kw= ok=1
Cmd: compileSnippet
  api=1 type=1 insize=1758 outsize=595 kw= ok=1
Cmd: preprocess
  insize=1217 outsize=387 ok=1
Cmd: compileSnippet
  api=1 type=0 insize=1135 outsize=258 kw= ok=1
Cmd: compileSnippet
  api=1 type=1 insize=1135 outsize=347 kw= ok=1
Cmd: preprocess
  insize=3521 outsize=640 ok=1
Cmd: compileSnippet
  api=1 type=0 insize=3155 outsize=131 kw= ok=1
Cmd: compileSnippet
  api=1 type=1 insize=3155 outsize=323 kw= ok=1
Cmd: compileSnippet
  api=1 type=0 insize=3153 outsize=131 kw= ok=1
Cmd: compileSnippet
  api=1 type=1 insize=3153 outsize=317 kw= ok=1
Cmd: compileSnippet
  api=1 type=0 insize=3160 outsize=131 kw= ok=1
Cmd: compileSnippet
  api=1 type=1 insize=3160 outsize=1811 kw= ok=1
Cmd: preprocess
  insize=1454 outsize=2247 ok=1
Cmd: preprocess
  insize=1164 outsize=384 ok=1
Cmd: compileSnippet
  api=1 type=0 insize=1085 outsize=131 kw= ok=1
Cmd: compileSnippet
  api=1 type=1 insize=1085 outsize=595 kw= ok=1
Cmd: preprocess
  insize=6511 outsize=781 ok=1
Cmd: compileSnippet
  api=1 type=0 insize=1952 outsize=208 kw= ok=1
Cmd: compileSnippet
  api=1 type=1 insize=1952 outsize=4212 kw= ok=1
Cmd: compileSnippet
  api=1 type=0 insize=2216 outsize=208 kw= ok=1
Cmd: compileSnippet
  api=1 type=1 insize=2216 outsize=7052 kw= ok=1
Cmd: compileSnippet
  api=1 type=0 insize=2722 outsize=208 kw= ok=1
Cmd: compileSnippet
  api=1 type=1 insize=2722 outsize=12783 kw= ok=1
Cmd: compileSnippet
  api=1 type=0 insize=2998 outsize=170 kw= ok=1
Cmd: compileSnippet
  api=1 type=1 insize=2998 outsize=1254 kw= ok=1
Cmd: compileSnippet
  api=1 type=0 insize=1938 outsize=146 kw= ok=1
Cmd: compileSnippet
  api=1 type=1 insize=1938 outsize=151 kw= ok=1
Cmd: preprocess
  insize=1097 outsize=289 ok=1
Cmd: compileSnippet
  api=1 type=0 insize=1113 outsize=346 kw= ok=1
Cmd: compileSnippet
  api=1 type=1 insize=1113 outsize=222 kw= ok=1
Cmd: preprocess
  insize=1044 outsize=1034 ok=1
Cmd: compileSnippet
  api=1 type=0 insize=6925 outsize=523 kw=DIRECTIONAL SHADOWS_OFF LIGHTMAP_OFF DIRLIGHTMAP_OFF DYNAMICLIGHTMAP_OFF ok=1
Cmd: compileSnippet
  api=1 type=1 insize=6925 outsize=322 kw=DIRECTIONAL SHADOWS_OFF LIGHTMAP_OFF DIRLIGHTMAP_OFF DYNAMICLIGHTMAP_OFF ok=1
Cmd: compileSnippet
  api=1 type=0 insize=3896 outsize=339 kw=POINT ok=1
Cmd: compileSnippet
  api=1 type=1 insize=3896 outsize=515 kw=POINT ok=1
Cmd: compileSnippet
  api=1 type=0 insize=3314 outsize=414 kw= ok=1
Cmd: compileSnippet
  api=1 type=1 insize=3314 outsize=360 kw= ok=1
Cmd: preprocess
  insize=2413 outsize=753 ok=1
Cmd: compileSnippet
  api=1 type=0 insize=1931 outsize=258 kw= ok=1
Cmd: compileSnippet
  api=1 type=1 insize=1931 outsize=201 kw= ok=1
Cmd: compileSnippet
  api=1 type=0 insize=1928 outsize=258 kw= ok=1
Cmd: compileSnippet
  api=1 type=1 insize=1928 outsize=121 kw= ok=1
Cmd: compileSnippet
  api=1 type=0 insize=1941 outsize=252 kw= ok=1
Cmd: compileSnippet
  api=1 type=1 insize=1941 outsize=240 kw= ok=1
Cmd: compileSnippet
  api=1 type=0 insize=1940 outsize=258 kw= ok=1
Cmd: compileSnippet
  api=1 type=1 insize=1940 outsize=105 kw= ok=1
Cmd: preprocess
  insize=883 outsize=277 ok=1
Cmd: compileSnippet
  api=1 type=0 insize=911 outsize=131 kw= ok=1
Cmd: compileSnippet
  api=1 type=1 insize=911 outsize=224 kw= ok=1
Cmd: preprocess
  insize=1314 outsize=362 ok=1
Cmd: compileSnippet
  api=1 type=0 insize=1251 outsize=214 kw= ok=1
Cmd: compileSnippet
  api=1 type=1 insize=1251 outsize=264 kw= ok=1
Cmd: preprocess
  insize=1353 outsize=326 ok=1
Cmd: compileSnippet
  api=1 type=0 insize=1333 outsize=323 kw= ok=1
Cmd: compileSnippet
  api=1 type=1 insize=1333 outsize=351 kw= ok=1
Cmd: preprocess
  insize=1188 outsize=255 ok=1
Cmd: compileSnippet
  api=1 type=0 insize=1238 outsize=327 kw= ok=1
Cmd: compileSnippet
  api=1 type=1 insize=1238 outsize=252 kw= ok=1
Cmd: preprocess
  insize=1344 outsize=330 ok=1
Cmd: compileSnippet
  api=1 type=0 insize=1316 outsize=187 kw= ok=1
Cmd: compileSnippet
  api=1 type=1 insize=1316 outsize=273 kw= ok=1
Cmd: preprocess
  insize=1193 outsize=303 ok=1
Cmd: compileSnippet
  api=1 type=0 insize=1194 outsize=258 kw= ok=1
Cmd: compileSnippet
  api=1 type=1 insize=1194 outsize=335 kw= ok=1
Cmd: preprocess
  insize=2235 outsize=619 ok=1
Cmd: compileSnippet
  api=1 type=0 insize=1922 outsize=288 kw= ok=1
Cmd: compileSnippet
  api=1 type=1 insize=1922 outsize=935 kw= ok=1
Cmd: preprocess
  insize=902 outsize=252 ok=1
Cmd: compileSnippet
  api=1 type=0 insize=950 outsize=136 kw= ok=1
Cmd: compileSnippet
  api=1 type=1 insize=950 outsize=310 kw= ok=1
Cmd: preprocess
  insize=636 outsize=302 ok=1
Cmd: compileSnippet
  api=1 type=0 insize=634 outsize=131 kw= ok=1
Cmd: compileSnippet
  api=1 type=1 insize=634 outsize=247 kw= ok=1
Cmd: preprocess
  insize=6131 outsize=973 ok=1
Cmd: compileSnippet
  api=1 type=0 insize=5399 outsize=258 kw= ok=1
Cmd: compileSnippet
  api=1 type=1 insize=5399 outsize=124 kw= ok=1
Cmd: compileSnippet
  api=1 type=0 insize=5406 outsize=249 kw= ok=1
Cmd: compileSnippet
  api=1 type=1 insize=5406 outsize=318 kw= ok=1
Cmd: compileSnippet
  api=1 type=0 insize=5410 outsize=271 kw= ok=1
Cmd: compileSnippet
  api=1 type=1 insize=5410 outsize=738 kw= ok=1
Cmd: compileSnippet
  api=1 type=0 insize=5411 outsize=271 kw= ok=1
Cmd: compileSnippet
  api=1 type=1 insize=5411 outsize=738 kw= ok=1
Cmd: compileSnippet
  api=1 type=0 insize=5415 outsize=371 kw= ok=1
Cmd: compileSnippet
  api=1 type=1 insize=5415 outsize=661 kw= ok=1
Cmd: compileSnippet
  api=1 type=0 insize=5416 outsize=381 kw= ok=1
Cmd: compileSnippet
  api=1 type=1 insize=5416 outsize=661 kw= ok=1
Cmd: preprocess
  insize=32573 outsize=255 ok=1
Cmd: compileSnippet
  api=1 type=0 insize=32620 outsize=157 kw= ok=1
Cmd: compileSnippet
  api=1 type=1 insize=32620 outsize=4072 kw= ok=1
Cmd: preprocess
  insize=1154 outsize=242 ok=1
Cmd: compileSnippet
  api=1 type=0 insize=1214 outsize=178 kw= ok=1
Cmd: compileSnippet
  api=1 type=1 insize=1214 outsize=619 kw= ok=1
Cmd: preprocess
  insize=4293 outsize=504 ok=1
Cmd: compileSnippet
  api=1 type=0 insize=3976 outsize=464 kw= ok=1
Cmd: compileSnippet
  api=1 type=1 insize=3976 outsize=1247 kw= ok=1
Cmd: compileSnippet
  api=1 type=0 insize=3977 outsize=464 kw= ok=1
Cmd: compileSnippet
  api=1 type=1 insize=3977 outsize=856 kw= ok=1
Cmd: compileSnippet
  api=1 type=0 insize=3977 outsize=464 kw= ok=1
Cmd: compileSnippet
  api=1 type=1 insize=3977 outsize=1065 kw= ok=1
Cmd: preprocess
  insize=992 outsize=248 ok=1
Cmd: compileSnippet
  api=1 type=0 insize=1045 outsize=264 kw= ok=1
Cmd: compileSnippet
  api=1 type=1 insize=1045 outsize=193 kw= ok=1
Cmd: preprocess
  insize=4770 outsize=1779 ok=1
Cmd: compileSnippet
  api=1 type=0 insize=3198 outsize=258 kw= ok=1
Cmd: compileSnippet
  api=1 type=1 insize=3198 outsize=207 kw= ok=1
Cmd: compileSnippet
  api=1 type=0 insize=3195 outsize=258 kw= ok=1
Cmd: compileSnippet
  api=1 type=1 insize=3195 outsize=127 kw= ok=1
Cmd: compileSnippet
  api=1 type=0 insize=3211 outsize=267 kw= ok=1
Cmd: compileSnippet
  api=1 type=1 insize=3211 outsize=255 kw= ok=1
Cmd: compileSnippet
  api=1 type=0 insize=3203 outsize=258 kw= ok=1
Cmd: compileSnippet
  api=1 type=1 insize=3203 outsize=105 kw= ok=1
Cmd: compileSnippet
  api=1 type=0 insize=3203 outsize=258 kw= ok=1
Cmd: compileSnippet
  api=1 type=1 insize=3203 outsize=207 kw= ok=1
Cmd: compileSnippet
  api=1 type=0 insize=3200 outsize=258 kw= ok=1
Cmd: compileSnippet
  api=1 type=1 insize=3200 outsize=127 kw= ok=1
Cmd: compileSnippet
  api=1 type=0 insize=3212 outsize=267 kw= ok=1
Cmd: compileSnippet
  api=1 type=1 insize=3212 outsize=240 kw= ok=1
Cmd: compileSnippet
  api=1 type=0 insize=3205 outsize=258 kw= ok=1
Cmd: compileSnippet
  api=1 type=1 insize=3205 outsize=120 kw= ok=1
Cmd: compileSnippet
  api=1 type=0 insize=3197 outsize=258 kw= ok=1
Cmd: compileSnippet
  api=1 type=1 insize=3197 outsize=58 kw= ok=1
Cmd: compileSnippet
  api=1 type=0 insize=3201 outsize=258 kw= ok=1
Cmd: compileSnippet
  api=1 type=1 insize=3201 outsize=83 kw= ok=1
Cmd: compileSnippet
  api=1 type=0 insize=3196 outsize=258 kw= ok=1
Cmd: compileSnippet
  api=1 type=1 insize=3196 outsize=63 kw= ok=1
Cmd: preprocess
  insize=12787 outsize=1859 ok=1
Cmd: compileSnippet
  api=1 type=0 insize=11105 outsize=157 kw= ok=1
Cmd: compileSnippet
  api=1 type=1 insize=11105 outsize=628 kw= ok=1
Cmd: compileSnippet
  api=1 type=0 insize=11096 outsize=157 kw= ok=1
Cmd: compileSnippet
  api=1 type=1 insize=11096 outsize=140 kw= ok=1
Cmd: compileSnippet
  api=1 type=0 insize=11098 outsize=157 kw= ok=1
Cmd: compileSnippet
  api=1 type=1 insize=11098 outsize=675 kw= ok=1
Cmd: compileSnippet
  api=1 type=0 insize=11103 outsize=157 kw= ok=1
Cmd: compileSnippet
  api=1 type=1 insize=11103 outsize=1013 kw= ok=1
Cmd: compileSnippet
  api=1 type=0 insize=11113 outsize=157 kw= ok=1
Cmd: compileSnippet
  api=1 type=1 insize=11113 outsize=1939 kw= ok=1
Cmd: compileSnippet
  api=1 type=0 insize=11100 outsize=157 kw= ok=1
Cmd: compileSnippet
  api=1 type=1 insize=11100 outsize=376 kw= ok=1
Cmd: compileSnippet
  api=1 type=0 insize=11106 outsize=157 kw= ok=1
Cmd: compileSnippet
  api=1 type=1 insize=11106 outsize=927 kw= ok=1
Cmd: compileSnippet
  api=1 type=0 insize=11112 outsize=157 kw= ok=1
Cmd: compileSnippet
  api=1 type=1 insize=11112 outsize=2941 kw= ok=1
Cmd: preprocess
  insize=963 outsize=333 ok=1
Cmd: compileSnippet
  api=1 type=0 insize=935 outsize=131 kw= ok=1
Cmd: compileSnippet
  api=1 type=1 insize=935 outsize=294 kw= ok=1
Cmd: preprocess
  insize=6023 outsize=731 ok=1
Cmd: preprocess
  insize=2677 outsize=761 ok=1
Cmd: compileSnippet
  api=1 type=0 insize=2189 outsize=305 kw= ok=1
Cmd: compileSnippet
  api=1 type=1 insize=2189 outsize=121 kw= ok=1
Cmd: compileSnippet
  api=1 type=0 insize=2189 outsize=305 kw= ok=1
Cmd: compileSnippet
  api=1 type=1 insize=2189 outsize=198 kw= ok=1
Cmd: compileSnippet
  api=1 type=0 insize=2193 outsize=305 kw= ok=1
Cmd: compileSnippet
  api=1 type=1 insize=2193 outsize=135 kw= ok=1
Cmd: compileSnippet
  api=1 type=0 insize=2192 outsize=305 kw= ok=1
Cmd: compileSnippet
  api=1 type=1 insize=2192 outsize=408 kw= ok=1
Cmd: compileSnippet
  api=1 type=0 insize=2195 outsize=305 kw= ok=1
Cmd: compileSnippet
  api=1 type=1 insize=2195 outsize=124 kw= ok=1
Cmd: preprocess
  insize=10773 outsize=2532 ok=1
Cmd: compileSnippet
  api=1 type=0 insize=8468 outsize=302 kw= ok=1
Cmd: compileSnippet
  api=1 type=1 insize=8468 outsize=1589 kw= ok=1
Cmd: compileSnippet
  api=1 type=0 insize=8473 outsize=302 kw= ok=1
Cmd: compileSnippet
  api=1 type=1 insize=8473 outsize=1011 kw= ok=1
Cmd: compileSnippet
  api=1 type=0 insize=8472 outsize=302 kw= ok=1
Cmd: compileSnippet
  api=1 type=1 insize=8472 outsize=119 kw= ok=1
Cmd: compileSnippet
  api=1 type=0 insize=8476 outsize=302 kw= ok=1
Cmd: compileSnippet
  api=1 type=1 insize=8476 outsize=424 kw= ok=1
Cmd: compileSnippet
  api=1 type=0 insize=8475 outsize=302 kw= ok=1
Cmd: compileSnippet
  api=1 type=1 insize=8475 outsize=314 kw= ok=1
Cmd: preprocess
  insize=2486 outsize=1156 ok=1
Cmd: compileSnippet
  api=1 type=0 insize=1632 outsize=301 kw= ok=1
Cmd: compileSnippet
  api=1 type=1 insize=1632 outsize=315 kw= ok=1
Cmd: preprocess
  insize=12423 outsize=2312 ok=1
Cmd: compileSnippet
  api=1 type=0 insize=10185 outsize=131 kw= ok=1
Cmd: compileSnippet
  api=1 type=1 insize=10185 outsize=197 kw= ok=1
Cmd: compileSnippet
  api=1 type=0 insize=10184 outsize=131 kw= ok=1
Cmd: compileSnippet
  api=1 type=1 insize=10184 outsize=383 kw= ok=1
Cmd: compileSnippet
  api=1 type=0 insize=10184 outsize=131 kw= ok=1
Cmd: compileSnippet
  api=1 type=1 insize=10184 outsize=367 kw= ok=1
Cmd: compileSnippet
  api=1 type=0 insize=10166 outsize=131 kw= ok=1
Cmd: compileSnippet
  api=1 type=1 insize=10166 outsize=251 kw= ok=1
Cmd: compileSnippet
  api=1 type=0 insize=10185 outsize=131 kw= ok=1
Cmd: compileSnippet
  api=1 type=1 insize=10185 outsize=267 kw= ok=1
Cmd: compileSnippet
  api=1 type=0 insize=10166 outsize=131 kw= ok=1
Cmd: compileSnippet
  api=1 type=1 insize=10166 outsize=342 kw= ok=1
Cmd: compileSnippet
  api=1 type=0 insize=10211 outsize=208 kw= ok=1
Cmd: compileSnippet
  api=1 type=1 insize=10211 outsize=469 kw= ok=1
Cmd: compileSnippet
  api=1 type=0 insize=10165 outsize=131 kw= ok=1
Cmd: compileSnippet
  api=1 type=1 insize=10165 outsize=58 kw= ok=1
Cmd: compileSnippet
  api=1 type=0 insize=10169 outsize=131 kw= ok=1
Cmd: compileSnippet
  api=1 type=1 insize=10169 outsize=66 kw= ok=1
Cmd: compileSnippet
  api=1 type=0 insize=10191 outsize=457 kw= ok=1
Cmd: compileSnippet
  api=1 type=1 insize=10191 outsize=1155 kw= ok=1
Cmd: compileSnippet
  api=1 type=0 insize=10185 outsize=457 kw= ok=1
Cmd: compileSnippet
  api=1 type=1 insize=10185 outsize=1251 kw= ok=1
Cmd: compileSnippet
  api=1 type=0 insize=10191 outsize=457 kw= ok=1
Cmd: compileSnippet
  api=1 type=1 insize=10191 outsize=1155 kw= ok=1
Cmd: preprocess
  insize=1909 outsize=438 ok=1
Cmd: compileSnippet
  api=1 type=0 insize=1746 outsize=131 kw= ok=1
Cmd: compileSnippet
  api=1 type=1 insize=1746 outsize=464 kw= ok=1
Cmd: compileSnippet
  api=1 type=0 insize=1759 outsize=131 kw= ok=1
Cmd: compileSnippet
  api=1 type=1 insize=1759 outsize=675 kw= ok=1
Cmd: preprocess
  insize=1357 outsize=642 ok=1
Cmd: compileSnippet
  api=1 type=0 insize=1021 outsize=375 kw= ok=1
Cmd: compileSnippet
  api=1 type=1 insize=1021 outsize=30 kw= ok=1
Cmd: preprocess
  insize=1530 outsize=277 ok=1
Cmd: compileSnippet
  api=1 type=0 insize=1558 outsize=331 kw= ok=1
Cmd: compileSnippet
  api=1 type=1 insize=1558 outsize=681 kw= ok=1
Cmd: preprocess
  insize=23968 outsize=4108 ok=1
Cmd: compileSnippet
  api=1 type=0 insize=19214 outsize=302 kw= ok=1
Cmd: compileSnippet
  api=1 type=1 insize=19214 outsize=302 kw= ok=1
Cmd: compileSnippet
  api=1 type=0 insize=19220 outsize=639 kw= ok=1
Cmd: compileSnippet
  api=1 type=1 insize=19220 outsize=1189 kw= ok=1
Cmd: compileSnippet
  api=1 type=0 insize=19223 outsize=639 kw= ok=1
Cmd: compileSnippet
  api=1 type=1 insize=19223 outsize=2560 kw= ok=1
Cmd: compileSnippet
  api=1 type=0 insize=19202 outsize=302 kw= ok=1
Cmd: compileSnippet
  api=1 type=1 insize=19202 outsize=56 kw= ok=1
Cmd: compileSnippet
  api=1 type=0 insize=19218 outsize=302 kw= ok=1
Cmd: compileSnippet
  api=1 type=1 insize=19218 outsize=298 kw= ok=1
Cmd: compileSnippet
  api=1 type=0 insize=19205 outsize=302 kw= ok=1
Cmd: compileSnippet
  api=1 type=1 insize=19205 outsize=735 kw= ok=1
Cmd: compileSnippet
  api=1 type=0 insize=19216 outsize=302 kw= ok=1
Cmd: compileSnippet
  api=1 type=1 insize=19216 outsize=577 kw= ok=1
Cmd: compileSnippet
  api=1 type=0 insize=19212 outsize=302 kw= ok=1
Cmd: compileSnippet
  api=1 type=1 insize=19212 outsize=137 kw= ok=1
Cmd: compileSnippet
  api=1 type=0 insize=19222 outsize=302 kw= ok=1
Cmd: compileSnippet
  api=1 type=1 insize=19222 outsize=306 kw= ok=1
Cmd: compileSnippet
  api=1 type=0 insize=19215 outsize=302 kw= ok=1
Cmd: compileSnippet
  api=1 type=1 insize=19215 outsize=251 kw= ok=1
Cmd: compileSnippet
  api=1 type=0 insize=19222 outsize=302 kw= ok=1
Cmd: compileSnippet
  api=1 type=1 insize=19222 outsize=426 kw= ok=1
Cmd: compileSnippet
  api=1 type=0 insize=19210 outsize=302 kw= ok=1
Cmd: compileSnippet
  api=1 type=1 insize=19210 outsize=8586 kw= ok=1
Cmd: compileSnippet
  api=1 type=0 insize=19219 outsize=302 kw= ok=1
Cmd: compileSnippet
  api=1 type=1 insize=19219 outsize=3866 kw= ok=1
Cmd: compileSnippet
  api=1 type=0 insize=19206 outsize=302 kw= ok=1
Cmd: compileSnippet
  api=1 type=1 insize=19206 outsize=330 kw= ok=1
Cmd: compileSnippet
  api=1 type=0 insize=19220 outsize=302 kw= ok=1
Cmd: compileSnippet
  api=1 type=1 insize=19220 outsize=208 kw= ok=1
Cmd: compileSnippet
  api=1 type=0 insize=19211 outsize=302 kw= ok=1
Cmd: compileSnippet
  api=1 type=1 insize=19211 outsize=291 kw= ok=1
Cmd: compileSnippet
  api=1 type=0 insize=19206 outsize=302 kw= ok=1
Cmd: compileSnippet
  api=1 type=1 insize=19206 outsize=129 kw= ok=1
Cmd: compileSnippet
  api=1 type=0 insize=19210 outsize=302 kw= ok=1
Cmd: compileSnippet
  api=1 type=1 insize=19210 outsize=12827 kw= ok=1
Cmd: compileSnippet
  api=1 type=0 insize=19219 outsize=302 kw= ok=1
Cmd: compileSnippet
  api=1 type=1 insize=19219 outsize=8284 kw= ok=1
Cmd: compileSnippet
  api=1 type=0 insize=19228 outsize=639 kw= ok=1
Cmd: compileSnippet
  api=1 type=1 insize=19228 outsize=1562 kw= ok=1
Cmd: compileSnippet
  api=1 type=0 insize=19207 outsize=302 kw= ok=1
Cmd: compileSnippet
  api=1 type=1 insize=19207 outsize=118 kw= ok=1
Cmd: compileSnippet
  api=1 type=0 insize=19209 outsize=316 kw= ok=1
Cmd: compileSnippet
  api=1 type=1 insize=19209 outsize=735 kw= ok=1
Cmd: compileSnippet
  api=1 type=0 insize=19225 outsize=302 kw= ok=1
Cmd: compileSnippet
  api=1 type=1 insize=19225 outsize=56 kw= ok=1
Cmd: preprocess
  insize=3938 outsize=531 ok=1
Cmd: compileSnippet
  api=1 type=0 insize=3713 outsize=358 kw= ok=1
Cmd: compileSnippet
  api=1 type=1 insize=3713 outsize=897 kw= ok=1
Cmd: compileSnippet
  api=1 type=0 insize=3725 outsize=358 kw= ok=1
Cmd: compileSnippet
  api=1 type=1 insize=3725 outsize=335 kw= ok=1
Cmd: compileSnippet
  api=1 type=0 insize=3716 outsize=358 kw= ok=1
Cmd: compileSnippet
  api=1 type=1 insize=3716 outsize=687 kw= ok=1
Cmd: preprocess
  insize=1675 outsize=280 ok=1
Cmd: compileSnippet
  api=1 type=0 insize=1697 outsize=297 kw= ok=1
Cmd: compileSnippet
  api=1 type=1 insize=1697 outsize=1623 kw= ok=1
Cmd: preprocess
  insize=965 outsize=333 ok=1
Cmd: compileSnippet
  api=1 type=0 insize=934 outsize=131 kw= ok=1
Cmd: compileSnippet
  api=1 type=1 insize=934 outsize=307 kw= ok=1
Cmd: preprocess
  insize=1082 outsize=404 ok=1
Cmd: compileSnippet
  api=1 type=0 insize=951 outsize=157 kw= ok=1
Cmd: compileSnippet
  api=1 type=1 insize=951 outsize=159 kw= ok=1
Cmd: compileSnippet
  api=1 type=0 insize=957 outsize=157 kw= ok=1
Cmd: compileSnippet
  api=1 type=1 insize=957 outsize=253 kw= ok=1
Cmd: preprocess
  insize=673 outsize=248 ok=1
Cmd: compileSnippet
  api=1 type=0 insize=724 outsize=131 kw= ok=1
Cmd: compileSnippet
  api=1 type=1 insize=724 outsize=199 kw= ok=1
Cmd: preprocess
  insize=5564 outsize=855 ok=1
Cmd: compileSnippet
  api=1 type=0 insize=4897 outsize=291 kw= ok=1
Cmd: compileSnippet
  api=1 type=1 insize=4897 outsize=654 kw= ok=1
Cmd: compileSnippet
  api=1 type=0 insize=4899 outsize=291 kw= ok=1
Cmd: compileSnippet
  api=1 type=1 insize=4899 outsize=431 kw= ok=1
Cmd: compileSnippet
  api=1 type=0 insize=4903 outsize=291 kw= ok=1
Cmd: compileSnippet
  api=1 type=1 insize=4903 outsize=460 kw= ok=1
Cmd: compileSnippet
  api=1 type=0 insize=4912 outsize=131 kw= ok=1
Cmd: compileSnippet
  api=1 type=1 insize=4912 outsize=190 kw= ok=1
Cmd: compileSnippet
  api=1 type=0 insize=4893 outsize=291 kw= ok=1
Cmd: compileSnippet
  api=1 type=1 insize=4893 outsize=654 kw= ok=1
Cmd: preprocess
  insize=5171 outsize=737 ok=1
Cmd: compileSnippet
  api=1 type=0 insize=4605 outsize=131 kw= ok=1
Cmd: compileSnippet
  api=1 type=1 insize=4605 outsize=360 kw= ok=1
Cmd: compileSnippet
  api=1 type=0 insize=4609 outsize=363 kw= ok=1
Cmd: compileSnippet
  api=1 type=1 insize=4609 outsize=372 kw= ok=1
Cmd: compileSnippet
  api=1 type=0 insize=4619 outsize=341 kw= ok=1
Cmd: compileSnippet
  api=1 type=1 insize=4619 outsize=711 kw= ok=1
Cmd: compileSnippet
  api=1 type=0 insize=4614 outsize=341 kw= ok=1
Cmd: compileSnippet
  api=1 type=1 insize=4614 outsize=648 kw= ok=1
Cmd: compileSnippet
  api=1 type=0 insize=4620 outsize=327 kw= ok=1
Cmd: compileSnippet
  api=1 type=1 insize=4620 outsize=681 kw= ok=1
Cmd: preprocess
  insize=520 outsize=341 ok=1
Cmd: compileSnippet
  api=1 type=0 insize=481 outsize=131 kw= ok=1
Cmd: compileSnippet
  api=1 type=1 insize=481 outsize=343 kw= ok=1
Cmd: preprocess
  insize=6414 outsize=902 ok=1
Cmd: compileSnippet
  api=1 type=0 insize=5582 outsize=302 kw= ok=1
Cmd: compileSnippet
  api=1 type=1 insize=5582 outsize=120 kw= ok=1
Cmd: compileSnippet
  api=1 type=0 insize=5581 outsize=302 kw= ok=1
Cmd: compileSnippet
  api=1 type=1 insize=5581 outsize=142 kw= ok=1
Cmd: compileSnippet
  api=1 type=0 insize=5575 outsize=302 kw= ok=1
Cmd: compileSnippet
  api=1 type=1 insize=5575 outsize=2563 kw= ok=1
Cmd: compileSnippet
  api=1 type=0 insize=5574 outsize=302 kw= ok=1
Cmd: compileSnippet
  api=1 type=1 insize=5574 outsize=2605 kw= ok=1
Cmd: compileSnippet
  api=1 type=0 insize=5577 outsize=302 kw= ok=1
Cmd: compileSnippet
  api=1 type=1 insize=5577 outsize=4827 kw= ok=1
Cmd: compileSnippet
  api=1 type=0 insize=5576 outsize=302 kw= ok=1
Cmd: compileSnippet
  api=1 type=1 insize=5576 outsize=4893 kw= ok=1
Cmd: compileSnippet
  api=1 type=0 insize=5578 outsize=302 kw= ok=1
Cmd: compileSnippet
  api=1 type=1 insize=5578 outsize=158 kw= ok=1
Cmd: preprocess
  insize=1306 outsize=373 ok=1
Cmd: compileSnippet
  api=1 type=0 insize=1235 outsize=246 kw= ok=1
Cmd: compileSnippet
  api=1 type=1 insize=1235 outsize=185 kw= ok=1
Cmd: preprocess
  insize=32583 outsize=255 ok=1
Cmd: compileSnippet
  api=1 type=0 insize=32630 outsize=157 kw= ok=1
Cmd: compileSnippet
  api=1 type=1 insize=32630 outsize=4046 kw= ok=1
Cmd: preprocess
  insize=5175 outsize=1721 ok=1
Cmd: compileSnippet
  api=1 type=0 insize=3758 outsize=390 kw= ok=1
Cmd: compileSnippet
  api=1 type=1 insize=3758 outsize=2838 kw= ok=1
Cmd: preprocess
  insize=6737 outsize=236 ok=1
Cmd: compileSnippet
  api=1 type=0 insize=6803 outsize=281 kw= ok=1
Cmd: compileSnippet
  api=1 type=1 insize=6803 outsize=1675 kw= ok=1
Cmd: preprocess
  insize=4268 outsize=418 ok=1
Cmd: compileSnippet
  api=1 type=0 insize=4125 outsize=399 kw= ok=1
Cmd: compileSnippet
  error: 2 plat 1 at (1): Compiled shader code uses too many instruction slots (112). Max. allowed by the target (ps_2_0) is 96.\nCompiling Fragment program
  error: 2 plat 1 at (76): Too many math instructions for SM2.0 (99 needed, max is 64). Try #pragma target 3.0\nCompiling Fragment program
  api=1 type=1 insize=4125 outsize=0 kw= ok=0
Cmd: preprocess
  insize=4608 outsize=887 ok=1
Cmd: compileSnippet
  api=1 type=0 insize=3943 outsize=258 kw= ok=1
Cmd: compileSnippet
  api=1 type=1 insize=3943 outsize=205 kw= ok=1
Cmd: compileSnippet
  api=1 type=0 insize=3951 outsize=169 kw= ok=1
Cmd: compileSnippet
  api=1 type=1 insize=3951 outsize=416 kw= ok=1
Cmd: compileSnippet
  api=1 type=0 insize=3943 outsize=258 kw= ok=1
Cmd: compileSnippet
  api=1 type=1 insize=3943 outsize=429 kw= ok=1
Cmd: compileSnippet
  api=1 type=0 insize=3945 outsize=258 kw= ok=1
Cmd: compileSnippet
  api=1 type=1 insize=3945 outsize=640 kw= ok=1
Cmd: compileSnippet
  api=1 type=0 insize=3940 outsize=258 kw= ok=1
Cmd: compileSnippet
  api=1 type=1 insize=3940 outsize=143 kw= ok=1
Cmd: preprocess
  insize=1310 outsize=384 ok=1
Cmd: compileSnippet
  api=1 type=0 insize=1228 outsize=212 kw= ok=1
Cmd: compileSnippet
  api=1 type=1 insize=1228 outsize=162 kw= ok=1
Cmd: preprocess
  insize=5717 outsize=1219 ok=1
Cmd: preprocess
  insize=716 outsize=286 ok=1
Cmd: compileSnippet
  api=1 type=0 insize=732 outsize=131 kw= ok=1
Cmd: compileSnippet
  api=1 type=1 insize=732 outsize=79 kw= ok=1
Cmd: preprocess
  insize=656 outsize=299 ok=1
Cmd: compileSnippet
  api=1 type=0 insize=657 outsize=131 kw= ok=1
Cmd: compileSnippet
  api=1 type=1 insize=657 outsize=391 kw= ok=1
Cmd: preprocess
  insize=3696 outsize=630 ok=1
Cmd: compileSnippet
  api=1 type=0 insize=3278 outsize=131 kw= ok=1
Cmd: compileSnippet
  api=1 type=1 insize=3278 outsize=255 kw= ok=1
Cmd: compileSnippet
  api=1 type=0 insize=3285 outsize=363 kw= ok=1
Cmd: compileSnippet
  api=1 type=1 insize=3285 outsize=372 kw= ok=1
Cmd: compileSnippet
  api=1 type=0 insize=3294 outsize=331 kw= ok=1
Cmd: compileSnippet
  api=1 type=1 insize=3294 outsize=484 kw= ok=1
Cmd: compileSnippet
  api=1 type=0 insize=3289 outsize=331 kw= ok=1
Cmd: compileSnippet
  api=1 type=1 insize=3289 outsize=648 kw= ok=1
Cmd: preprocess
  insize=799 outsize=276 ok=1
Cmd: compileSnippet
  api=1 type=0 insize=828 outsize=131 kw= ok=1
Cmd: compileSnippet
  api=1 type=1 insize=828 outsize=182 kw= ok=1
Cmd: preprocess
  insize=1265 outsize=272 ok=1
Cmd: compileSnippet
  api=1 type=0 insize=1298 outsize=291 kw= ok=1
Cmd: compileSnippet
  api=1 type=1 insize=1298 outsize=494 kw= ok=1
Cmd: preprocess
  insize=2015 outsize=946 ok=1
Cmd: compileSnippet
  api=1 type=0 insize=859 outsize=144 kw= ok=1
Cmd: compileSnippet
  api=1 type=1 insize=859 outsize=81 kw= ok=1
Cmd: compileSnippet
  api=1 type=0 insize=814 outsize=144 kw= ok=1
Cmd: compileSnippet
  api=1 type=1 insize=814 outsize=63 kw= ok=1
Cmd: preprocess
  insize=5095 outsize=700 ok=1
Cmd: preprocess
  insize=1017 outsize=470 ok=1
Cmd: compileSnippet
  api=1 type=0 insize=849 outsize=169 kw= ok=1
Cmd: compileSnippet
  api=1 type=1 insize=849 outsize=137 kw= ok=1
Cmd: preprocess
  insize=1139 outsize=364 ok=1
Cmd: compileSnippet
  api=1 type=0 insize=1080 outsize=169 kw= ok=1
Cmd: compileSnippet
  api=1 type=1 insize=1080 outsize=416 kw= ok=1
Cmd: preprocess
  insize=512 outsize=241 ok=1
Cmd: compileSnippet
  api=1 type=0 insize=573 outsize=100 kw= ok=1
Cmd: compileSnippet
  api=1 type=1 insize=573 outsize=58 kw= ok=1
Cmd: preprocess
  insize=650 outsize=290 ok=1
Cmd: compileSnippet
  api=1 type=0 insize=665 outsize=131 kw= ok=1
Cmd: compileSnippet
  api=1 type=1 insize=665 outsize=80 kw= ok=1
Cmd: preprocess
  insize=5006 outsize=866 ok=1
Cmd: compileSnippet
  api=1 type=0 insize=4390 outsize=249 kw= ok=1
Cmd: compileSnippet
  api=1 type=1 insize=4390 outsize=252 kw= ok=1
Cmd: compileSnippet
  api=1 type=0 insize=4394 outsize=271 kw= ok=1
Cmd: compileSnippet
  api=1 type=1 insize=4394 outsize=738 kw= ok=1
Cmd: compileSnippet
  api=1 type=0 insize=4395 outsize=271 kw= ok=1
Cmd: compileSnippet
  api=1 type=1 insize=4395 outsize=738 kw= ok=1
Cmd: compileSnippet
  api=1 type=0 insize=4399 outsize=371 kw= ok=1
Cmd: compileSnippet
  api=1 type=1 insize=4399 outsize=661 kw= ok=1
Cmd: compileSnippet
  api=1 type=0 insize=4400 outsize=381 kw= ok=1
Cmd: compileSnippet
  api=1 type=1 insize=4400 outsize=661 kw= ok=1
Cmd: compileSnippet
  api=1 type=0 insize=3896 outsize=339 kw=DIRECTIONAL ok=1
Cmd: compileSnippet
  api=1 type=1 insize=3896 outsize=282 kw=DIRECTIONAL ok=1
Cmd: compileSnippet
  api=1 type=0 insize=966 outsize=169 kw= ok=1
Cmd: compileSnippet
  api=1 type=1 insize=966 outsize=96 kw= ok=1
Cmd: compileSnippet
  api=5 type=0 insize=1329 outsize=1289 kw= ok=1
Cmd: compileSnippet
  api=5 type=1 insize=1329 outsize=6 kw= ok=1
Cmd: compileSnippet
  api=5 type=0 insize=1325 outsize=1285 kw= ok=1
Cmd: compileSnippet
  api=5 type=1 insize=1325 outsize=6 kw= ok=1
Cmd: compileSnippet
  api=5 type=0 insize=1325 outsize=1285 kw= ok=1
Cmd: compileSnippet
  api=5 type=1 insize=1325 outsize=6 kw= ok=1
Cmd: compileSnippet
  api=5 type=0 insize=1329 outsize=1289 kw= ok=1
Cmd: compileSnippet
  api=5 type=1 insize=1329 outsize=6 kw= ok=1
Cmd: compileSnippet
  api=5 type=0 insize=1317 outsize=1277 kw= ok=1
Cmd: compileSnippet
  api=5 type=1 insize=1317 outsize=6 kw= ok=1
Cmd: compileSnippet
  api=5 type=0 insize=1327 outsize=1285 kw= ok=1
Cmd: compileSnippet
  api=5 type=1 insize=1327 outsize=6 kw= ok=1
Cmd: compileSnippet
  api=5 type=0 insize=1705 outsize=736 kw=SOFTPARTICLES_OFF ok=1
Cmd: compileSnippet
  api=5 type=1 insize=1705 outsize=6 kw=SOFTPARTICLES_OFF ok=1
Cmd: compileSnippet
  api=5 type=0 insize=1642 outsize=736 kw=SOFTPARTICLES_OFF ok=1
Cmd: compileSnippet
  api=5 type=1 insize=1642 outsize=6 kw=SOFTPARTICLES_OFF ok=1
Cmd: compileSnippet
  api=5 type=0 insize=944 outsize=872 kw= ok=1
Cmd: compileSnippet
  api=5 type=1 insize=944 outsize=6 kw= ok=1
Cmd: compileSnippet
  api=5 type=0 insize=1113 outsize=1570 kw= ok=1
Cmd: compileSnippet
  api=5 type=1 insize=1113 outsize=6 kw= ok=1
Cmd: compileSnippet
  api=5 type=0 insize=1931 outsize=952 kw= ok=1
Cmd: compileSnippet
  api=5 type=1 insize=1931 outsize=6 kw= ok=1
Cmd: compileSnippet
  api=5 type=0 insize=1928 outsize=902 kw= ok=1
Cmd: compileSnippet
  api=5 type=1 insize=1928 outsize=6 kw= ok=1
Cmd: compileSnippet
  api=5 type=0 insize=1941 outsize=1847 kw= ok=1
Cmd: compileSnippet
  api=5 type=1 insize=1941 outsize=6 kw= ok=1
Cmd: compileSnippet
  api=5 type=0 insize=1940 outsize=863 kw= ok=1
Cmd: compileSnippet
  api=5 type=1 insize=1940 outsize=6 kw= ok=1
Cmd: compileSnippet
  api=5 type=0 insize=1194 outsize=1560 kw= ok=1
Cmd: compileSnippet
  api=5 type=1 insize=1194 outsize=6 kw= ok=1
Cmd: compileSnippet
  api=5 type=0 insize=5399 outsize=556 kw= ok=1
Cmd: compileSnippet
  api=5 type=1 insize=5399 outsize=6 kw= ok=1
Cmd: compileSnippet
  api=5 type=0 insize=5406 outsize=1360 kw= ok=1
Cmd: compileSnippet
  api=5 type=1 insize=5406 outsize=6 kw= ok=1
Cmd: compileSnippet
  api=5 type=0 insize=5410 outsize=2364 kw= ok=1
Cmd: compileSnippet
  api=5 type=1 insize=5410 outsize=6 kw= ok=1
Cmd: compileSnippet
  api=5 type=0 insize=5411 outsize=2364 kw= ok=1
Cmd: compileSnippet
  api=5 type=1 insize=5411 outsize=6 kw= ok=1
Cmd: compileSnippet
  api=5 type=0 insize=5415 outsize=2446 kw= ok=1
Cmd: compileSnippet
  api=5 type=1 insize=5415 outsize=6 kw= ok=1
Cmd: compileSnippet
  api=5 type=0 insize=5416 outsize=2360 kw= ok=1
Cmd: compileSnippet
  api=5 type=1 insize=5416 outsize=6 kw= ok=1
Cmd: compileSnippet
  api=5 type=0 insize=1558 outsize=1959 kw= ok=1
Cmd: compileSnippet
  api=5 type=1 insize=1558 outsize=6 kw= ok=1
Cmd: compileSnippet
  api=5 type=0 insize=3278 outsize=808 kw= ok=1
Cmd: compileSnippet
  api=5 type=1 insize=3278 outsize=6 kw= ok=1
Cmd: compileSnippet
  api=5 type=0 insize=3285 outsize=2256 kw= ok=1
Cmd: compileSnippet
  api=5 type=1 insize=3285 outsize=6 kw= ok=1
Cmd: compileSnippet
  api=5 type=0 insize=3294 outsize=2425 kw= ok=1
Cmd: compileSnippet
  api=5 type=1 insize=3294 outsize=6 kw= ok=1
Cmd: compileSnippet
  api=5 type=0 insize=3289 outsize=2371 kw= ok=1
Cmd: compileSnippet
  api=5 type=1 insize=3289 outsize=6 kw= ok=1
Cmd: compileSnippet
  api=5 type=0 insize=665 outsize=631 kw= ok=1
Cmd: compileSnippet
  api=5 type=1 insize=665 outsize=6 kw= ok=1
Cmd: compileSnippet
  api=5 type=0 insize=4390 outsize=1176 kw= ok=1
Cmd: compileSnippet
  api=5 type=1 insize=4390 outsize=6 kw= ok=1
Cmd: compileSnippet
  api=5 type=0 insize=4394 outsize=2364 kw= ok=1
Cmd: compileSnippet
  api=5 type=1 insize=4394 outsize=6 kw= ok=1
Cmd: compileSnippet
  api=5 type=0 insize=4395 outsize=2364 kw= ok=1
Cmd: compileSnippet
  api=5 type=1 insize=4395 outsize=6 kw= ok=1
Cmd: compileSnippet
  api=5 type=0 insize=4399 outsize=2446 kw= ok=1
Cmd: compileSnippet
  api=5 type=1 insize=4399 outsize=6 kw= ok=1
Cmd: compileSnippet
  api=5 type=0 insize=4400 outsize=2360 kw= ok=1
Cmd: compileSnippet
  api=5 type=1 insize=4400 outsize=6 kw= ok=1
Cmd: compileSnippet
  api=5 type=0 insize=541 outsize=2079 kw=SHADOWS_DEPTH ok=1
Cmd: compileSnippet
  api=5 type=1 insize=541 outsize=6 kw=SHADOWS_DEPTH ok=1
Cmd: compileSnippet
  api=5 type=0 insize=6810 outsize=3297 kw=DIRECTIONAL SHADOWS_OFF LIGHTMAP_OFF DIRLIGHTMAP_OFF DYNAMICLIGHTMAP_OFF ok=1
Cmd: compileSnippet
  api=9 type=0 insize=6810 outsize=4138 kw=DIRECTIONAL SHADOWS_SCREEN SHADOWS_NATIVE LIGHTMAP_OFF DIRLIGHTMAP_OFF DYNAMICLIGHTMAP_OFF ok=1
Cmd: compileSnippet
  api=9 type=0 insize=6810 outsize=3688 kw=DIRECTIONAL SHADOWS_OFF LIGHTMAP_OFF DIRLIGHTMAP_OFF DYNAMICLIGHTMAP_OFF FOG_LINEAR ok=1
Cmd: compileSnippet
  api=5 type=0 insize=6810 outsize=6030 kw=DIRECTIONAL SHADOWS_SCREEN LIGHTMAP_OFF DIRLIGHTMAP_OFF DYNAMICLIGHTMAP_OFF FOG_LINEAR VERTEXLIGHT_ON ok=1
Cmd: compileSnippet
  api=9 type=0 insize=6810 outsize=6018 kw=DIRECTIONAL SHADOWS_SCREEN SHADOWS_NATIVE LIGHTMAP_OFF DIRLIGHTMAP_OFF DYNAMICLIGHTMAP_OFF FOG_LINEAR VERTEXLIGHT_ON ok=1
Cmd: compileSnippet
  api=5 type=1 insize=6810 outsize=6 kw=DIRECTIONAL SHADOWS_OFF LIGHTMAP_OFF DIRLIGHTMAP_OFF DYNAMICLIGHTMAP_OFF ok=1
Cmd: compileSnippet
  api=5 type=1 insize=6810 outsize=6 kw=DIRECTIONAL SHADOWS_SCREEN LIGHTMAP_OFF DIRLIGHTMAP_OFF DYNAMICLIGHTMAP_OFF FOG_LINEAR ok=1
Cmd: compileSnippet
  api=5 type=0 insize=3647 outsize=2897 kw=POINT ok=1
Cmd: compileSnippet
  api=9 type=0 insize=3647 outsize=3258 kw=SPOT ok=1
Cmd: compileSnippet
  api=9 type=0 insize=3647 outsize=2815 kw=DIRECTIONAL_COOKIE ok=1
Cmd: compileSnippet
  api=5 type=0 insize=3647 outsize=3580 kw=SPOT FOG_LINEAR ok=1
Cmd: compileSnippet
  api=9 type=0 insize=3647 outsize=3148 kw=DIRECTIONAL_COOKIE FOG_LINEAR ok=1
Cmd: compileSnippet
  api=5 type=1 insize=3647 outsize=6 kw=POINT ok=1
Cmd: compileSnippet
  api=5 type=1 insize=3647 outsize=6 kw=POINT_COOKIE ok=1
Cmd: compileSnippet
  api=5 type=1 insize=3647 outsize=6 kw=POINT FOG_LINEAR ok=1
Cmd: compileSnippet
  api=9 type=1 insize=3647 outsize=7 kw=SPOT FOG_LINEAR ok=1
Cmd: compileSnippet
  api=9 type=1 insize=3647 outsize=7 kw=DIRECTIONAL_COOKIE FOG_LINEAR ok=1
Cmd: compileSnippet
  api=5 type=0 insize=2805 outsize=1320 kw= ok=1
Cmd: compileSnippet
  api=5 type=1 insize=2805 outsize=6 kw= ok=1
Cmd: compileSnippet
  api=5 type=0 insize=5974 outsize=3461 kw=LIGHTMAP_OFF DIRLIGHTMAP_OFF DYNAMICLIGHTMAP_OFF HDR_LIGHT_PREPASS_OFF ok=1
Cmd: compileSnippet
  api=9 type=0 insize=5974 outsize=3808 kw=LIGHTMAP_OFF DIRLIGHTMAP_OFF DYNAMICLIGHTMAP_OFF FOG_LINEAR HDR_LIGHT_PREPASS_OFF ok=1
Cmd: compileSnippet
  api=5 type=1 insize=5974 outsize=6 kw=LIGHTMAP_OFF DIRLIGHTMAP_OFF DYNAMICLIGHTMAP_OFF HDR_LIGHT_PREPASS_OFF ok=1
Cmd: compileSnippet
  api=9 type=1 insize=5974 outsize=7 kw=LIGHTMAP_OFF DIRLIGHTMAP_OFF DYNAMICLIGHTMAP_OFF FOG_LINEAR UNITY_HDR_ON ok=1
Cmd: compileSnippet
  api=5 type=0 insize=5928 outsize=3514 kw=LIGHTMAP_OFF DIRLIGHTMAP_OFF DYNAMICLIGHTMAP_OFF HDR_LIGHT_PREPASS_OFF ok=1
Cmd: compileSnippet
  api=5 type=1 insize=5928 outsize=6 kw=LIGHTMAP_OFF DIRLIGHTMAP_OFF DYNAMICLIGHTMAP_OFF HDR_LIGHT_PREPASS_OFF ok=1
Cmd: compileSnippet
  api=5 type=0 insize=1275 outsize=3765 kw=POINT SHADOWS_OFF ok=1
Cmd: compileSnippet
  api=5 type=0 insize=1275 outsize=4139 kw=POINT_COOKIE SHADOWS_OFF ok=1
Cmd: compileSnippet
  api=5 type=0 insize=1275 outsize=5066 kw=SPOT SHADOWS_DEPTH SHADOWS_NONATIVE ok=1
Cmd: compileSnippet
  api=5 type=0 insize=1275 outsize=4191 kw=DIRECTIONAL_COOKIE SHADOWS_SCREEN ok=1
Cmd: compileSnippet
  api=9 type=0 insize=1275 outsize=4393 kw=POINT SHADOWS_CUBE ok=1
Cmd: compileSnippet
  api=9 type=0 insize=1275 outsize=5917 kw=SPOT SHADOWS_DEPTH SHADOWS_SOFT SHADOWS_NATIVE ok=1
Cmd: compileSnippet
  api=9 type=0 insize=1275 outsize=5938 kw=POINT_COOKIE SHADOWS_CUBE SHADOWS_SOFT ok=1
Cmd: compileSnippet
  api=9 type=1 insize=1275 outsize=7 kw=DIRECTIONAL SHADOWS_OFF ok=1
Cmd: compileSnippet
  api=9 type=1 insize=1275 outsize=7 kw=POINT_COOKIE SHADOWS_OFF ok=1
Cmd: compileSnippet
  api=5 type=1 insize=1275 outsize=6 kw=SPOT SHADOWS_DEPTH SHADOWS_NATIVE ok=1
Cmd: compileSnippet
  api=5 type=1 insize=1275 outsize=6 kw=POINT SHADOWS_CUBE ok=1
Cmd: compileSnippet
  api=5 type=1 insize=1275 outsize=6 kw=SPOT SHADOWS_DEPTH SHADOWS_SOFT SHADOWS_NONATIVE ok=1
Cmd: compileSnippet
  api=9 type=1 insize=1275 outsize=7 kw=POINT SHADOWS_CUBE SHADOWS_SOFT ok=1
Cmd: compileSnippet
  api=9 type=1 insize=1275 outsize=7 kw=DIRECTIONAL SHADOWS_SCREEN SHADOWS_NATIVE ok=1
Cmd: compileSnippet
  api=5 type=0 insize=1268 outsize=3705 kw=POINT SHADOWS_OFF ok=1
Cmd: compileSnippet
  api=9 type=0 insize=1268 outsize=4155 kw=SPOT SHADOWS_OFF ok=1
Cmd: compileSnippet
  api=5 type=0 insize=1268 outsize=5006 kw=SPOT SHADOWS_DEPTH SHADOWS_NONATIVE ok=1
Cmd: compileSnippet
  api=9 type=0 insize=1268 outsize=4964 kw=SPOT SHADOWS_DEPTH SHADOWS_NATIVE ok=1
Cmd: compileSnippet
  api=9 type=0 insize=1268 outsize=4628 kw=POINT_COOKIE SHADOWS_CUBE ok=1
Cmd: compileSnippet
  api=9 type=0 insize=1268 outsize=5857 kw=SPOT SHADOWS_DEPTH SHADOWS_SOFT SHADOWS_NATIVE ok=1
Cmd: compileSnippet
  api=9 type=0 insize=1268 outsize=5878 kw=POINT_COOKIE SHADOWS_CUBE SHADOWS_SOFT ok=1
Cmd: compileSnippet
  api=9 type=1 insize=1268 outsize=7 kw=DIRECTIONAL SHADOWS_OFF ok=1
Cmd: compileSnippet
  api=9 type=1 insize=1268 outsize=7 kw=POINT_COOKIE SHADOWS_OFF ok=1
Cmd: compileSnippet
  api=5 type=1 insize=1268 outsize=6 kw=SPOT SHADOWS_DEPTH SHADOWS_NATIVE ok=1
Cmd: compileSnippet
  api=5 type=1 insize=1268 outsize=6 kw=POINT SHADOWS_CUBE ok=1
Cmd: compileSnippet
  api=5 type=1 insize=1268 outsize=6 kw=SPOT SHADOWS_DEPTH SHADOWS_SOFT SHADOWS_NONATIVE ok=1
Cmd: compileSnippet
  api=9 type=1 insize=1268 outsize=7 kw=POINT SHADOWS_CUBE SHADOWS_SOFT ok=1
Cmd: compileSnippet
  api=9 type=1 insize=1268 outsize=7 kw=DIRECTIONAL SHADOWS_SCREEN SHADOWS_NATIVE ok=1
Cmd: compileSnippet
  api=5 type=0 insize=1273 outsize=3710 kw=POINT SHADOWS_OFF ok=1
Cmd: compileSnippet
  api=5 type=0 insize=1273 outsize=4084 kw=POINT_COOKIE SHADOWS_OFF ok=1
Cmd: compileSnippet
  api=5 type=0 insize=1273 outsize=5011 kw=SPOT SHADOWS_DEPTH SHADOWS_NONATIVE ok=1
Cmd: compileSnippet
  api=5 type=0 insize=1273 outsize=4136 kw=DIRECTIONAL_COOKIE SHADOWS_SCREEN ok=1
Cmd: compileSnippet
  api=9 type=0 insize=1273 outsize=4633 kw=POINT_COOKIE SHADOWS_CUBE ok=1
Cmd: compileSnippet
  api=5 type=0 insize=1273 outsize=5788 kw=POINT SHADOWS_CUBE SHADOWS_SOFT ok=1
Cmd: compileSnippet
  api=5 type=0 insize=1273 outsize=3847 kw=DIRECTIONAL SHADOWS_SCREEN SHADOWS_NATIVE ok=1
Cmd: compileSnippet
  api=5 type=1 insize=1273 outsize=6 kw=POINT SHADOWS_OFF ok=1
Cmd: compileSnippet
  api=9 type=1 insize=1273 outsize=7 kw=POINT_COOKIE SHADOWS_OFF ok=1
Cmd: compileSnippet
  api=5 type=1 insize=1273 outsize=6 kw=SPOT SHADOWS_DEPTH SHADOWS_NATIVE ok=1
Cmd: compileSnippet
  api=5 type=1 insize=1273 outsize=6 kw=POINT SHADOWS_CUBE ok=1
Cmd: compileSnippet
  api=5 type=1 insize=1273 outsize=6 kw=SPOT SHADOWS_DEPTH SHADOWS_SOFT SHADOWS_NONATIVE ok=1
Cmd: compileSnippet
  api=9 type=1 insize=1273 outsize=7 kw=POINT SHADOWS_CUBE SHADOWS_SOFT ok=1
Cmd: compileSnippet
  api=9 type=1 insize=1273 outsize=7 kw=DIRECTIONAL SHADOWS_SCREEN SHADOWS_NATIVE ok=1
Cmd: compileSnippet
  api=5 type=0 insize=1934 outsize=3896 kw=POINT SHADOWS_OFF ok=1
Cmd: compileSnippet
  api=9 type=0 insize=1934 outsize=4296 kw=POINT_COOKIE SHADOWS_OFF ok=1
Cmd: compileSnippet
  api=5 type=0 insize=1934 outsize=5365 kw=SPOT SHADOWS_DEPTH SHADOWS_NONATIVE ok=1
Cmd: compileSnippet
  api=5 type=0 insize=1934 outsize=4444 kw=DIRECTIONAL_COOKIE SHADOWS_SCREEN ok=1
Cmd: compileSnippet
  api=9 type=0 insize=1934 outsize=4763 kw=POINT_COOKIE SHADOWS_CUBE ok=1
Cmd: compileSnippet
  api=5 type=0 insize=1934 outsize=5922 kw=POINT SHADOWS_CUBE SHADOWS_SOFT ok=1
Cmd: compileSnippet
  api=5 type=0 insize=1934 outsize=4205 kw=DIRECTIONAL SHADOWS_SCREEN SHADOWS_NATIVE ok=1
Cmd: compileSnippet
  api=5 type=0 insize=1934 outsize=3787 kw=POINT SHADOWS_OFF UNITY_HDR_ON ok=1
Cmd: compileSnippet
  api=9 type=0 insize=1934 outsize=3433 kw=DIRECTIONAL SHADOWS_OFF UNITY_HDR_ON ok=1
Cmd: compileSnippet
  api=9 type=0 insize=1934 outsize=4187 kw=POINT_COOKIE SHADOWS_OFF UNITY_HDR_ON ok=1
Cmd: compileSnippet
  api=5 type=0 insize=1934 outsize=5322 kw=SPOT SHADOWS_DEPTH SHADOWS_NATIVE UNITY_HDR_ON ok=1
Cmd: compileSnippet
  api=5 type=0 insize=1934 outsize=4436 kw=POINT SHADOWS_CUBE UNITY_HDR_ON ok=1
Cmd: compileSnippet
  api=5 type=0 insize=1934 outsize=6670 kw=SPOT SHADOWS_DEPTH SHADOWS_SOFT UNITY_HDR_ON SHADOWS_NONATIVE ok=1
Cmd: compileSnippet
  api=9 type=0 insize=1934 outsize=5609 kw=POINT SHADOWS_CUBE SHADOWS_SOFT UNITY_HDR_ON ok=1
Cmd: compileSnippet
  api=9 type=0 insize=1934 outsize=4128 kw=DIRECTIONAL SHADOWS_SCREEN SHADOWS_NATIVE UNITY_HDR_ON ok=1
Cmd: compileSnippet
  api=5 type=1 insize=1934 outsize=6 kw=POINT SHADOWS_OFF ok=1
Cmd: compileSnippet
  api=9 type=1 insize=1934 outsize=7 kw=POINT_COOKIE SHADOWS_OFF ok=1
Cmd: compileSnippet
  api=5 type=1 insize=1934 outsize=6 kw=SPOT SHADOWS_DEPTH SHADOWS_NATIVE ok=1
Cmd: compileSnippet
  api=5 type=1 insize=1934 outsize=6 kw=POINT SHADOWS_CUBE ok=1
Cmd: compileSnippet
  api=5 type=1 insize=1934 outsize=6 kw=SPOT SHADOWS_DEPTH SHADOWS_SOFT SHADOWS_NONATIVE ok=1
Cmd: compileSnippet
  api=9 type=1 insize=1934 outsize=7 kw=POINT SHADOWS_CUBE SHADOWS_SOFT ok=1
Cmd: compileSnippet
  api=9 type=1 insize=1934 outsize=7 kw=DIRECTIONAL SHADOWS_SCREEN SHADOWS_NATIVE ok=1
Cmd: compileSnippet
  api=9 type=1 insize=1934 outsize=7 kw=POINT SHADOWS_OFF UNITY_HDR_ON ok=1
Cmd: compileSnippet
  api=9 type=1 insize=1934 outsize=7 kw=SPOT SHADOWS_OFF UNITY_HDR_ON ok=1
Cmd: compileSnippet
  api=9 type=1 insize=1934 outsize=7 kw=DIRECTIONAL_COOKIE SHADOWS_OFF UNITY_HDR_ON ok=1
Cmd: compileSnippet
  api=5 type=1 insize=1934 outsize=6 kw=DIRECTIONAL SHADOWS_SCREEN UNITY_HDR_ON ok=1
Cmd: compileSnippet
  api=5 type=1 insize=1934 outsize=6 kw=POINT_COOKIE SHADOWS_CUBE UNITY_HDR_ON ok=1
Cmd: compileSnippet
  api=9 type=1 insize=1934 outsize=7 kw=SPOT SHADOWS_DEPTH SHADOWS_SOFT SHADOWS_NATIVE UNITY_HDR_ON ok=1
Cmd: compileSnippet
  api=9 type=1 insize=1934 outsize=7 kw=POINT_COOKIE SHADOWS_CUBE SHADOWS_SOFT UNITY_HDR_ON ok=1
Cmd: compileSnippet
  api=9 type=1 insize=1934 outsize=7 kw=DIRECTIONAL_COOKIE SHADOWS_SCREEN SHADOWS_NATIVE UNITY_HDR_ON ok=1
Cmd: compileSnippet
  api=5 type=0 insize=683 outsize=505 kw= ok=1
Cmd: compileSnippet
  api=5 type=1 insize=683 outsize=6 kw= ok=1
Cmd: compileSnippet
  api=5 type=0 insize=1051 outsize=1017 kw= ok=1
Cmd: compileSnippet
  api=5 type=1 insize=1051 outsize=6 kw= ok=1
Cmd: compileSnippet
  api=5 type=0 insize=1089 outsize=829 kw= ok=1
Cmd: compileSnippet
  api=5 type=1 insize=1089 outsize=6 kw= ok=1
Cmd: compileSnippet
  api=5 type=0 insize=6481 outsize=21177 kw= ok=1
Cmd: compileSnippet
  api=5 type=1 insize=6481 outsize=6 kw= ok=1
Cmd: compileSnippet
  api=5 type=0 insize=723 outsize=856 kw= ok=1
Cmd: compileSnippet
  api=5 type=1 insize=723 outsize=6 kw= ok=1
Cmd: compileSnippet
  api=5 type=0 insize=1079 outsize=1451 kw= ok=1
Cmd: compileSnippet
  api=5 type=1 insize=1079 outsize=6 kw= ok=1
Cmd: compileSnippet
  api=1 type=0 insize=6810 outsize=708 kw=DIRECTIONAL SHADOWS_SCREEN LIGHTMAP_OFF DIRLIGHTMAP_OFF DYNAMICLIGHTMAP_OFF ok=1
Cmd: compileSnippet
  api=1 type=1 insize=6810 outsize=328 kw=DIRECTIONAL SHADOWS_SCREEN LIGHTMAP_OFF DIRLIGHTMAP_OFF DYNAMICLIGHTMAP_OFF ok=1
Cmd: compileSnippet
  api=1 type=0 insize=6810 outsize=738 kw=DIRECTIONAL SHADOWS_SCREEN LIGHTMAP_OFF DIRLIGHTMAP_OFF DYNAMICLIGHTMAP_OFF FOG_LINEAR ok=1
Cmd: compileSnippet
  api=1 type=1 insize=6810 outsize=384 kw=DIRECTIONAL SHADOWS_SCREEN LIGHTMAP_OFF DIRLIGHTMAP_OFF DYNAMICLIGHTMAP_OFF FOG_LINEAR ok=1
